### Custom WaveView ADV log file, revision V-2023.12-4 (build Feb 07, ) ###
### created at 12:44:54 on Sun May 25 2025 (Linux AMD64) ###
### Host Name: iron-01   User ID:    PID: 2606984   ###
wv_start_log
# (0) running in waveview only mode
# (0) HOME defined
wv_select_window {Custom WaveView} 
wv_move_window {Custom WaveView} {} 470 197
wv_move_window {Custom WaveView} {} -5 27
wv_press_tool_button {Custom WaveView} {} {OpenWaveform0} 
wv_select_dialog {FileDialog} 
wv_move_scrollbar {FileDialog} {} {FileList.HScrollBar} {432}
wv_select_list_item {FileDialog} {} {FileList} {reference_channel_2020.tr0} 16
wv_press_button {FileDialog} {} {Ok} 
wv_select_tree_item {Custom WaveView} {} {hierview} {D0:reference_channel_2020.tr0(0)} {0} {+sep=@}
wv_expand_tree_item {Custom WaveView} {} {hierview} {D0:reference_channel_2020.tr0(0)} {+sep=@}
wv_select_tree_item {Custom WaveView} {} {hierview} {D0:reference_channel_2020.tr0(0)@toplevel(0)} {0} {+sep=@}
wv_expand_tree_item {Custom WaveView} {} {hierview} {D0:reference_channel_2020.tr0(0)@toplevel(0)} {+sep=@}
wv_move_scrollbar {Custom WaveView} {} {sigview.HScrolBar} {4}
wv_move_scrollbar {Custom WaveView} {} {sigview.HScrolBar} {8}
wv_move_scrollbar {Custom WaveView} {} {sigview.HScrolBar} {21}
wv_move_scrollbar {Custom WaveView} {} {sigview.HScrolBar} {27}
wv_move_scrollbar {Custom WaveView} {} {sigview.HScrolBar} {35}
wv_move_scrollbar {Custom WaveView} {} {sigview.HScrolBar} {50}
wv_move_scrollbar {Custom WaveView} {} {sigview.HScrolBar} {58}
wv_move_scrollbar {Custom WaveView} {} {sigview.HScrolBar} {72}
wv_move_scrollbar {Custom WaveView} {} {sigview.HScrolBar} {78}
wv_move_scrollbar {Custom WaveView} {} {sigview.HScrolBar} {89}
wv_move_scrollbar {Custom WaveView} {} {sigview.HScrolBar} {93}
wv_move_scrollbar {Custom WaveView} {} {sigview.HScrolBar} {95}
wv_move_scrollbar {Custom WaveView} {} {sigview.HScrolBar} {103}
wv_move_scrollbar {Custom WaveView} {} {sigview.HScrolBar} {105}
wv_move_scrollbar {Custom WaveView} {} {sigview.HScrolBar} {109}
wv_move_scrollbar {Custom WaveView} {} {sigview.HScrolBar} {111}
wv_move_scrollbar {Custom WaveView} {} {sigview.HScrolBar} {116}
wv_move_scrollbar {Custom WaveView} {} {sigview.HScrolBar} {118}
wv_move_scrollbar {Custom WaveView} {} {sigview.HScrolBar} {122}
wv_move_scrollbar {Custom WaveView} {} {sigview.HScrolBar} {126}
wv_move_scrollbar {Custom WaveView} {} {sigview.HScrolBar} {128}
wv_move_scrollbar {Custom WaveView} {} {sigview.HScrolBar} {130}
wv_move_scrollbar {Custom WaveView} {} {sigview.HScrolBar} {136}
wv_move_scrollbar {Custom WaveView} {} {sigview.HScrolBar} {144}
wv_move_scrollbar {Custom WaveView} {} {sigview.HScrolBar} {147}
wv_select_list_item {Custom WaveView} {} {sigview} {v(outp)} 19
wv_dclick_list_item {Custom WaveView} {} {sigview} {v(outp)} 19
wv_move_scrollbar {Custom WaveView} {} {sigview.HScrolBar} {153}
wv_move_scrollbar {Custom WaveView} {} {sigview.HScrolBar} {155}
wv_move_scrollbar {Custom WaveView} {} {sigview.HScrolBar} {167}
wv_move_scrollbar {Custom WaveView} {} {sigview.HScrolBar} {171}
wv_move_scrollbar {Custom WaveView} {} {sigview.HScrolBar} {177}
wv_move_scrollbar {Custom WaveView} {} {sigview.HScrolBar} {188}
wv_move_scrollbar {Custom WaveView} {} {sigview.HScrolBar} {192}
wv_move_scrollbar {Custom WaveView} {} {sigview.HScrolBar} {194}
wv_select_window {Custom WaveView} 
wv_select_tree_item {Custom WaveView} {} {hierview} {D0:reference_channel_2020.tr0(0)} {0} {+sep=@}
wv_move_scrollbar {Custom WaveView} {} {sigview.HScrolBar} {0}
wv_tree_context_menu {Custom WaveView} {} {hierview} 92 14 {D0:reference_channel_2020.tr0(0)} {+sep=@}
wv_select_menu_item {Custom WaveView} {} {FileViewPopMenu.Update WDF} 
wv_select_tree_item {Custom WaveView} {} {hierview} {D0:reference_channel_2020.tr0(0)} {0} {+sep=@}
wv_tree_context_menu {Custom WaveView} {} {hierview} 188 11 {D0:reference_channel_2020.tr0(0)} {+sep=@}
wv_select_menu_item {Custom WaveView} {} {FileViewPopMenu.Update WDF} 
wv_select_window {Custom WaveView} 
