### Custom WaveView ADV log file, revision V-2023.12-4 (build Feb 07, ) ###
### created at 22:07:44 on Mon Jun  2 2025 (Linux AMD64) ###
### Host Name: iron-01   User ID:    PID: 1746177   ###
wv_start_log
# (0) running in waveview only mode
# (0) HOME defined
wv_select_window {Custom WaveView} 
wv_move_window {Custom WaveView} {} 0 27
wv_move_window {Custom WaveView} {} -5 27
wv_press_tool_button {Custom WaveView} {} {OpenWaveform0} 
wv_select_dialog {FileDialog} 
wv_press_button {FileDialog} {} {Cancel} 
wv_press_tool_button {Custom WaveView} {} {RecentFile0} 
wv_select_tree_item {Custom WaveView} {} {hierview} {D0:eye_reference_channel_2020_long.tr0(0)} {0} {+sep=@}
wv_expand_tree_item {Custom WaveView} {} {hierview} {D0:eye_reference_channel_2020_long.tr0(0)} {+sep=@}
wv_tree_context_menu {Custom WaveView} {} {hierview} 104 16 {D0:eye_reference_channel_2020_long.tr0(0)} {+sep=@}
wv_select_menu_item {Custom WaveView} {} {FileViewPopMenu.Close This File} 
wv_select_dialog {Confirmation} 
wv_press_button {Confirmation} {} {Ok} 
wv_press_tool_button {Custom WaveView} {} {OpenWaveformFile0} 
wv_select_dialog {FileDialog} 
wv_move_window {FileDialog} {} 467 27
wv_select_list_item {FileDialog} {} {FileList} {reference_channel_2020_long.tr0} 47
wv_press_button {FileDialog} {} {Ok} 
wv_select_tree_item {Custom WaveView} {} {hierview} {D0:reference_channel_2020_long.tr0(0)} {0} {+sep=@}
wv_expand_tree_item {Custom WaveView} {} {hierview} {D0:reference_channel_2020_long.tr0(0)} {+sep=@}
wv_select_tree_item {Custom WaveView} {} {hierview} {D0:reference_channel_2020_long.tr0(0)@toplevel(0)} {0} {+sep=@}
wv_expand_tree_item {Custom WaveView} {} {hierview} {D0:reference_channel_2020_long.tr0(0)@toplevel(0)} {+sep=@}
wv_move_scrollbar {Custom WaveView} {} {sigview.HScrolBar} {70}
wv_move_scrollbar {Custom WaveView} {} {sigview.HScrolBar} {140}
wv_move_scrollbar {Custom WaveView} {} {sigview.HScrolBar} {194}
wv_select_list_item {Custom WaveView} {} {sigview} {v(repp)} 24
wv_dclick_list_item {Custom WaveView} {} {sigview} {v(repp)} 24
wv_select_list_item {Custom WaveView} {} {sigview} {v(rx_diff)} 25
wv_dclick_list_item {Custom WaveView} {} {sigview} {v(rx_diff)} 25
wv_select_waveview 1 {waveview 1}
wv_waveview_context_menu WV1.PANEL1:1.LEGEND
wv_select_waveview 1 {waveview 1}
wv_select_menu_item {Custom WaveView} {waveview 1:1} {PanelPopMenu.Delete} 
wv_select_dialog {Confirmation} 
wv_press_button {Confirmation} {} {Ok} 
wv_tree_context_menu {Custom WaveView} {} {hierview} 130 11 {D0:reference_channel_2020_long.tr0(0)} {+sep=@}
wv_move_scrollbar {Custom WaveView} {} {sigview.HScrolBar} {1}
wv_select_menu_item {Custom WaveView} {} {FileViewPopMenu.Close This File} 
wv_select_dialog {Confirmation} 
wv_press_button {Confirmation} {} {Ok} 
wv_press_tool_button {Custom WaveView} {} {OpenWaveformFile0} 
wv_select_dialog {FileDialog} 
wv_select_list_item {FileDialog} {} {FileList} {reference_channel_2020_short.tr0} 53
wv_press_button {FileDialog} {} {Ok} 
wv_select_tree_item {Custom WaveView} {} {hierview} {D0:reference_channel_2020_short.tr0(0)} {0} {+sep=@}
wv_expand_tree_item {Custom WaveView} {} {hierview} {D0:reference_channel_2020_short.tr0(0)} {+sep=@}
wv_select_tree_item {Custom WaveView} {} {hierview} {D0:reference_channel_2020_short.tr0(0)@toplevel(0)} {0} {+sep=@}
wv_expand_tree_item {Custom WaveView} {} {hierview} {D0:reference_channel_2020_short.tr0(0)@toplevel(0)} {+sep=@}
wv_move_scrollbar {Custom WaveView} {} {sigview.HScrolBar} {2}
wv_move_scrollbar {Custom WaveView} {} {sigview.HScrolBar} {6}
wv_move_scrollbar {Custom WaveView} {} {sigview.HScrolBar} {21}
wv_move_scrollbar {Custom WaveView} {} {sigview.HScrolBar} {37}
wv_move_scrollbar {Custom WaveView} {} {sigview.HScrolBar} {80}
wv_move_scrollbar {Custom WaveView} {} {sigview.HScrolBar} {99}
wv_move_scrollbar {Custom WaveView} {} {sigview.HScrolBar} {116}
wv_move_scrollbar {Custom WaveView} {} {sigview.HScrolBar} {151}
wv_move_scrollbar {Custom WaveView} {} {sigview.HScrolBar} {167}
wv_move_scrollbar {Custom WaveView} {} {sigview.HScrolBar} {190}
wv_move_scrollbar {Custom WaveView} {} {sigview.HScrolBar} {194}
wv_select_list_item {Custom WaveView} {} {sigview} {v(rx_diff)} 25
wv_dclick_list_item {Custom WaveView} {} {sigview} {v(rx_diff)} 25
