### Custom WaveView ADV log file, revision V-2023.12-4 (build Feb 07, ) ###
### created at 13:09:31 on Fri May 30 2025 (Linux AMD64) ###
### Host Name: iron-01   User ID:    PID: 3347894   ###
wv_start_log
# (0) running in waveview only mode
# (0) HOME defined
wv_select_window {Custom WaveView} 
wv_move_window {Custom WaveView} {} 470 27
wv_move_window {Custom WaveView} {} -5 27
wv_press_tool_button {Custom WaveView} {} {RecentFile0} 
wv_select_tree_item {Custom WaveView} {} {hierview} {D0:reference_channel_2020.tr0(0)} {0} {+sep=@}
wv_expand_tree_item {Custom WaveView} {} {hierview} {D0:reference_channel_2020.tr0(0)} {+sep=@}
wv_select_tree_item {Custom WaveView} {} {hierview} {D0:reference_channel_2020.tr0(0)@toplevel(0)} {0} {+sep=@}
wv_expand_tree_item {Custom WaveView} {} {hierview} {D0:reference_channel_2020.tr0(0)@toplevel(0)} {+sep=@}
wv_move_scrollbar {Custom WaveView} {} {sigview.HScrolBar} {2}
wv_move_scrollbar {Custom WaveView} {} {sigview.HScrolBar} {10}
wv_move_scrollbar {Custom WaveView} {} {sigview.HScrolBar} {21}
wv_move_scrollbar {Custom WaveView} {} {sigview.HScrolBar} {25}
wv_move_scrollbar {Custom WaveView} {} {sigview.HScrolBar} {35}
wv_move_scrollbar {Custom WaveView} {} {sigview.HScrolBar} {39}
wv_move_scrollbar {Custom WaveView} {} {sigview.HScrolBar} {43}
wv_move_scrollbar {Custom WaveView} {} {sigview.HScrolBar} {47}
wv_move_scrollbar {Custom WaveView} {} {sigview.HScrolBar} {56}
wv_move_scrollbar {Custom WaveView} {} {sigview.HScrolBar} {58}
wv_move_scrollbar {Custom WaveView} {} {sigview.HScrolBar} {60}
wv_move_scrollbar {Custom WaveView} {} {sigview.HScrolBar} {62}
wv_move_scrollbar {Custom WaveView} {} {sigview.HScrolBar} {64}
wv_move_scrollbar {Custom WaveView} {} {sigview.HScrolBar} {66}
wv_move_scrollbar {Custom WaveView} {} {sigview.HScrolBar} {68}
wv_move_scrollbar {Custom WaveView} {} {sigview.HScrolBar} {70}
wv_move_scrollbar {Custom WaveView} {} {sigview.HScrolBar} {72}
wv_move_scrollbar {Custom WaveView} {} {sigview.HScrolBar} {76}
wv_move_scrollbar {Custom WaveView} {} {sigview.HScrolBar} {78}
wv_move_scrollbar {Custom WaveView} {} {sigview.HScrolBar} {83}
wv_move_scrollbar {Custom WaveView} {} {sigview.HScrolBar} {85}
wv_move_scrollbar {Custom WaveView} {} {sigview.HScrolBar} {89}
wv_move_scrollbar {Custom WaveView} {} {sigview.HScrolBar} {97}
wv_move_scrollbar {Custom WaveView} {} {sigview.HScrolBar} {103}
wv_move_scrollbar {Custom WaveView} {} {sigview.HScrolBar} {109}
wv_move_scrollbar {Custom WaveView} {} {sigview.HScrolBar} {122}
wv_move_scrollbar {Custom WaveView} {} {sigview.HScrolBar} {126}
wv_move_scrollbar {Custom WaveView} {} {sigview.HScrolBar} {130}
wv_move_scrollbar {Custom WaveView} {} {sigview.HScrolBar} {132}
wv_move_scrollbar {Custom WaveView} {} {sigview.HScrolBar} {134}
wv_move_scrollbar {Custom WaveView} {} {sigview.HScrolBar} {136}
wv_move_scrollbar {Custom WaveView} {} {sigview.HScrolBar} {140}
wv_move_scrollbar {Custom WaveView} {} {sigview.HScrolBar} {149}
wv_move_scrollbar {Custom WaveView} {} {sigview.HScrolBar} {151}
wv_move_scrollbar {Custom WaveView} {} {sigview.HScrolBar} {165}
wv_move_scrollbar {Custom WaveView} {} {sigview.HScrolBar} {171}
wv_move_scrollbar {Custom WaveView} {} {sigview.HScrolBar} {175}
wv_move_scrollbar {Custom WaveView} {} {sigview.HScrolBar} {180}
wv_move_scrollbar {Custom WaveView} {} {sigview.HScrolBar} {190}
wv_move_scrollbar {Custom WaveView} {} {sigview.HScrolBar} {192}
wv_move_scrollbar {Custom WaveView} {} {sigview.HScrolBar} {194}
wv_select_list_item {Custom WaveView} {} {sigview} {v(rx_diff)} 25
wv_dclick_list_item {Custom WaveView} {} {sigview} {v(rx_diff)} 25
wv_select_window {Custom WaveView} 
wv_select_tree_item {Custom WaveView} {} {hierview} {D0:reference_channel_2020.tr0(0)} {0} {+sep=@}
wv_move_scrollbar {Custom WaveView} {} {sigview.HScrolBar} {0}
wv_tree_context_menu {Custom WaveView} {} {hierview} 145 5 {D0:reference_channel_2020.tr0(0)} {+sep=@}
wv_select_menu_item {Custom WaveView} {} {FileViewPopMenu.Update WDF} 
wv_select_dialog {Confirmation} 
wv_press_button {Confirmation} {} {Ok} 
wv_tree_context_menu {Custom WaveView} {} {hierview} 157 13 {D0:reference_channel_2020.tr0(0)} {+sep=@}
wv_select_menu_item {Custom WaveView} {} {FileViewPopMenu.Update WDF} 
wv_select_dialog {Confirmation} 
wv_move_window {Confirmation} {} 181 238
wv_press_button {Confirmation} {} {Ok} 
wv_select_waveview 1 {waveview 1}
wv_select_panel WV1.PANEL1:1 3.61257e-09 -0.157761
wv_select_panel WV1.PANEL1:1 3.61257e-09 -0.157761 btnup
wv_tree_context_menu {Custom WaveView} {} {hierview} 143 6 {D0:reference_channel_2020.tr0(0)} {+sep=@}
wv_select_menu_item {Custom WaveView} {} {FileViewPopMenu.Update WDF} 
wv_select_dialog {Confirmation} 
wv_move_window {Confirmation} {} 181 238
wv_move_window {Confirmation} {} 186 267
wv_press_button {Confirmation} {} {Ok} 
wv_tree_context_menu {Custom WaveView} {} {hierview} 142 10 {D0:reference_channel_2020.tr0(0)} {+sep=@}
wv_select_menu_item {Custom WaveView} {} {FileViewPopMenu.Update WDF} 
wv_select_dialog {Confirmation} 
wv_press_button {Confirmation} {} {Ok} 
wv_select_waveview 1 {waveview 1}
wv_select_wv_item WV1.PANEL1:1.XAXIS1
wv_drag_item_to WV1 701 19
wv_zoom_x WV1.PANEL1:1 3.66372e-09 3.88112e-09
wv_select_waveview 1 {waveview 1}
wv_select_panel WV1.PANEL1:1 3.7926e-09 -0.145487
wv_select_panel WV1.PANEL1:1 3.7926e-09 -0.145487 btnup
wv_select_waveview 1 {waveview 1}
wv_select_panel WV1.PANEL1:1 3.7926e-09 -0.145487
wv_select_panel WV1.PANEL1:1 3.7926e-09 -0.145487 btnup
wv_select_waveview 1 {waveview 1}
wv_select_toolbar_item {Custom WaveView} {waveview 1:1} {Vertical Cursor} 
wv_select_waveview 1 {waveview 1}
wv_select_panel WV1.PANEL1:1 3.79454e-09 -0.157083
wv_select_panel WV1.PANEL1:1 3.79454e-09 -0.157083 btnup
wv_select_waveview 1 {waveview 1}
wv_select_wv_item WV1.PANEL1:1.XAXIS1
wv_move_wv_item WV1.PANEL1:1.CURSOR1 691 368
wv_dclick_wv_item WV1.PANEL1:1.CURSORPBOX1
wv_select_dialog {CursorSnapXYValue} 
wv_move_window {CursorSnapXYValue} {} 488 235
wv_set_text {CursorSnapXYValue} {} {CsrXYValue} "3.70154e-09"
wv_press_button {CursorSnapXYValue} {} {Ok} 
wv_select_window {Custom WaveView} 
wv_select_waveview 1 {waveview 1}
wv_select_wv_item WV1.PANEL1:1.XAXIS1
wv_move_wv_item WV1.PANEL1:1.CURSOR1 360 368
wv_dclick_wv_item WV1.PANEL1:1.CURSORPBOX1
wv_select_dialog {CursorSnapXYValue} 
wv_move_window {CursorSnapXYValue} {} 488 235
wv_set_text {CursorSnapXYValue} {} {CsrXYValue} "3.88846e-09"
wv_press_button {CursorSnapXYValue} {} {Ok} 
wv_select_waveview 1 {waveview 1}
wv_select_wv_item WV1.PANEL1:1.XAXIS1
wv_move_wv_item WV1.PANEL1:1.CURSOR1 602 369
wv_dclick_wv_item WV1.PANEL1:1.CURSORPBOX1
wv_select_dialog {CursorSnapXYValue} 
wv_move_window {CursorSnapXYValue} {} 488 235
wv_move_window {CursorSnapXYValue} {} 492 264
wv_set_text {CursorSnapXYValue} {} {CsrXYValue} "3.98192e-09"
wv_press_button {CursorSnapXYValue} {} {Ok} 
wv_select_waveview 1 {waveview 1}
wv_select_toolbar_item {Custom WaveView} {waveview 1:1} {Full Unzoom} 
wv_select_waveview 1 {waveview 1}
wv_select_panel WV1.PANEL1:1 1.41055e-09 -0.880622
wv_move_wv_item WV1.PANEL1:1.CURSOR1 400 341
wv_select_waveview 1 {waveview 1}
wv_select_wv_item WV1.PANEL1:1.XAXIS1
wv_move_wv_item WV1.PANEL1:1.CURSOR1 400 367
wv_select_waveview 1 {waveview 1}
wv_select_wv_item WV1.PANEL1:1.XAXIS1
wv_move_wv_item WV1.PANEL1:1.CURSOR1 398 366
wv_dclick_wv_item WV1.PANEL1:1.CURSORPBOX1
wv_select_dialog {CursorSnapXYValue} 
wv_move_window {CursorSnapXYValue} {} 488 235
wv_set_text {CursorSnapXYValue} {} {CsrXYValue} "3.88846e-09"
wv_press_button {CursorSnapXYValue} {} {Ok} 
wv_tree_context_menu {Custom WaveView} {} {hierview} 111 12 {D0:reference_channel_2020.tr0(0)} {+sep=@}
wv_select_menu_item {Custom WaveView} {} {FileViewPopMenu.Update WDF} 
wv_select_dialog {Confirmation} 
wv_press_button {Confirmation} {} {Ok} 
wv_select_waveview 1 {waveview 1}
wv_select_panel WV1.PANEL1:1 2.73773e-09 -0.727831
wv_select_panel WV1.PANEL1:1 2.73773e-09 -0.727831 btnup
wv_dclick_wv_item WV1.PANEL1:1.CURSOR1
wv_select_dialog {CursorJumpParameters} 
wv_move_window {CursorJumpParameters} {} 328 72
wv_move_window {CursorJumpParameters} {} 333 121
wv_release_wv_item WV1 591 350
wv_close_dialog {CursorJumpParameters} 
wv_select_window {Custom WaveView} 
wv_select_waveview 1 {waveview 1}
wv_select_wv_item WV1.PANEL1:1.XAXIS1
wv_move_wv_item WV1.PANEL1:1.CURSOR1 590 368
wv_dclick_wv_item WV1.PANEL1:1.CURSORPBOX1
wv_select_dialog {CursorSnapXYValue} 
wv_move_window {CursorSnapXYValue} {} 488 235
wv_move_window {CursorSnapXYValue} {} 492 264
wv_set_text {CursorSnapXYValue} {} {CsrXYValue} "3.70154e-09"
wv_press_button {CursorSnapXYValue} {} {Ok} 
wv_tree_context_menu {Custom WaveView} {} {hierview} 126 9 {D0:reference_channel_2020.tr0(0)} {+sep=@}
wv_select_menu_item {Custom WaveView} {} {FileViewPopMenu.Update WDF} 
wv_select_dialog {Confirmation} 
wv_press_button {Confirmation} {} {Ok} 
wv_select_waveview 1 {waveview 1}
wv_select_wv_item WV1.PANEL1:1.XAXIS1
wv_move_wv_item WV1.PANEL1:1.CURSOR1 732 370
wv_dclick_wv_item WV1.PANEL1:1.CURSORPBOX1
wv_select_dialog {CursorSnapXYValue} 
wv_move_window {CursorSnapXYValue} {} 488 235
wv_set_text {CursorSnapXYValue} {} {CsrXYValue} "3.70154e-09"
wv_press_button {CursorSnapXYValue} {} {Ok} 
wv_select_window {Custom WaveView} 
wv_select_waveview 1 {waveview 1}
wv_select_wv_item WV1.PANEL1:1.XAXIS1
wv_move_wv_item WV1.PANEL1:1.CURSOR1 716 363
wv_dclick_wv_item WV1.PANEL1:1.CURSORPBOX1
wv_select_dialog {CursorSnapXYValue} 
wv_move_window {CursorSnapXYValue} {} 488 235
wv_move_window {CursorSnapXYValue} {} 492 264
wv_set_text {CursorSnapXYValue} {} {CsrXYValue} "3.88846e-09"
wv_press_button {CursorSnapXYValue} {} {Ok} 
wv_select_waveview 1 {waveview 1}
wv_select_panel WV1.PANEL1:1 1.07702e-09 -0.729299
wv_select_panel WV1.PANEL1:1 1.07702e-09 -0.729299 btnup
wv_tree_context_menu {Custom WaveView} {} {hierview} 182 6 {D0:reference_channel_2020.tr0(0)} {+sep=@}
wv_select_menu_item {Custom WaveView} {} {FileViewPopMenu.Update WDF} 
wv_select_dialog {Confirmation} 
wv_move_window {Confirmation} {} 181 238
wv_press_button {Confirmation} {} {Ok} 
wv_select_waveview 1 {waveview 1}
wv_select_wv_item WV1.PANEL1:1.XAXIS1
wv_move_wv_item WV1.PANEL1:1.CURSOR1 354 369
wv_dclick_wv_item WV1.PANEL1:1.CURSORPBOX1
wv_select_dialog {CursorSnapXYValue} 
wv_move_window {CursorSnapXYValue} {} 488 235
wv_close_dialog {CursorSnapXYValue} 
wv_select_window {Custom WaveView} 
wv_select_waveview 1 {waveview 1}
wv_select_panel WV1.PANEL1:1 3.92593e-09 -0.724016
wv_select_panel WV1.PANEL1:1 3.92593e-09 -0.724016 btnup
wv_select_waveview 1 {waveview 1}
wv_select_wv_item WV1.PANEL1:1.XAXIS1
wv_move_wv_item WV1.PANEL1:1.CURSOR1 767 371
wv_dclick_wv_item WV1.PANEL1:1.CURSORPBOX1
wv_select_dialog {CursorSnapXYValue} 
wv_move_window {CursorSnapXYValue} {} 488 235
wv_move_window {CursorSnapXYValue} {} 492 264
wv_set_text {CursorSnapXYValue} {} {CsrXYValue} "3.88846e-09"
wv_press_button {CursorSnapXYValue} {} {Ok} 
wv_select_waveview 1 {waveview 1}
wv_select_wv_item WV1.PANEL1:1.XAXIS1
wv_move_wv_item WV1.PANEL1:1.CURSOR1 756 367
wv_dclick_wv_item WV1.PANEL1:1.CURSORPBOX1
wv_select_dialog {CursorSnapXYValue} 
wv_move_window {CursorSnapXYValue} {} 488 235
wv_set_text {CursorSnapXYValue} {} {CsrXYValue} "3.70154e-09"
wv_press_button {CursorSnapXYValue} {} {Ok} 
wv_select_waveview 1 {waveview 1}
wv_select_wv_item WV1.PANEL1:1.XAXIS1
wv_move_wv_item WV1.PANEL1:1.CURSOR1 724 365
wv_dclick_wv_item WV1.PANEL1:1.CURSORPBOX1
wv_select_dialog {CursorSnapXYValue} 
wv_set_text {CursorSnapXYValue} {} {CsrXYValue} "3.98192e-09"
wv_press_button {CursorSnapXYValue} {} {Ok} 
wv_tree_context_menu {Custom WaveView} {} {hierview} 164 13 {D0:reference_channel_2020.tr0(0)} {+sep=@}
wv_select_menu_item {Custom WaveView} {} {FileViewPopMenu.Update WDF} 
wv_select_dialog {Confirmation} 
wv_move_window {Confirmation} {} 181 238
wv_press_button {Confirmation} {} {Ok} 
wv_select_waveview 1 {waveview 1}
wv_select_panel WV1.PANEL1:1 2.53622e-09 -0.587384
wv_select_panel WV1.PANEL1:1 2.53622e-09 -0.587384 btnup
wv_select_waveview 1 {waveview 1}
wv_select_panel WV1.PANEL1:1 2.21659e-09 -0.579928
wv_select_panel WV1.PANEL1:1 2.21659e-09 -0.579928 btnup
wv_select_waveview 1 {waveview 1}
wv_select_panel WV1.PANEL1:1 3.64104e-09 -0.567502
wv_move_wv_item WV1.PANEL1:1.CURSOR1 721 327
wv_select_waveview 1 {waveview 1}
wv_select_wv_item WV1.PANEL1:1.XAXIS1
wv_move_wv_item WV1.PANEL1:1.CURSOR1 721 368
wv_dclick_wv_item WV1.PANEL1:1.CURSORPBOX1
wv_select_dialog {CursorSnapXYValue} 
wv_move_window {CursorSnapXYValue} {} 488 235
wv_set_text {CursorSnapXYValue} {} {CsrXYValue} "3.70154e-09"
wv_press_button {CursorSnapXYValue} {} {Ok} 
wv_select_waveview 1 {waveview 1}
wv_select_wv_item WV1.PANEL1:1.XAXIS1
wv_move_wv_item WV1.PANEL1:1.CURSOR1 727 367
wv_dclick_wv_item WV1.PANEL1:1.CURSORPBOX1
wv_select_dialog {CursorSnapXYValue} 
wv_move_window {CursorSnapXYValue} {} 488 235
wv_set_text {CursorSnapXYValue} {} {CsrXYValue} "3.88846e-09"
wv_press_button {CursorSnapXYValue} {} {Ok} 
wv_select_waveview 1 {waveview 1}
wv_select_wv_item WV1.PANEL1:1.XAXIS1
wv_move_wv_item WV1.PANEL1:1.CURSOR1 756 371
wv_dclick_wv_item WV1.PANEL1:1.CURSORPBOX1
wv_select_dialog {CursorSnapXYValue} 
wv_set_text {CursorSnapXYValue} {} {CsrXYValue} "3.98192e-09"
wv_press_button {CursorSnapXYValue} {} {Ok} 
wv_tree_context_menu {Custom WaveView} {} {hierview} 130 9 {D0:reference_channel_2020.tr0(0)} {+sep=@}
wv_select_menu_item {Custom WaveView} {} {FileViewPopMenu.Update WDF} 
wv_select_dialog {Confirmation} 
wv_move_window {Confirmation} {} 181 238
wv_move_window {Confirmation} {} 186 267
wv_press_button {Confirmation} {} {Ok} 
wv_select_waveview 1 {waveview 1}
wv_select_panel WV1.PANEL1:1 2.31387e-09 -0.563485
wv_move_wv_item WV1.PANEL1:1.CURSOR1 530 324
wv_tree_context_menu {Custom WaveView} {} {hierview} 148 4 {D0:reference_channel_2020.tr0(0)} {+sep=@}
wv_select_menu_item {Custom WaveView} {} {FileViewPopMenu.Update WDF} 
wv_select_dialog {Confirmation} 
wv_press_button {Confirmation} {} {Ok} 
wv_select_waveview 1 {waveview 1}
wv_select_panel WV1.PANEL1:1 3.66883e-09 -0.626752
wv_select_panel WV1.PANEL1:1 3.66883e-09 -0.626752 btnup
wv_select_waveview 1 {waveview 1}
wv_release_wv_item WV1 725 377
wv_release_wv_item WV1 725 377
wv_select_waveview 1 {waveview 1}
wv_select_wv_item WV1.PANEL1:1.XAXIS1
wv_move_wv_item WV1.PANEL1:1.CURSOR1 730 369
wv_dclick_wv_item WV1.PANEL1:1.CURSORPBOX1
wv_select_dialog {CursorSnapXYValue} 
wv_set_text {CursorSnapXYValue} {} {CsrXYValue} "3.70154e-09"
wv_press_button {CursorSnapXYValue} {} {Ok} 
wv_select_waveview 1 {waveview 1}
wv_select_panel WV1.PANEL1:1 1.57732e-09 -0.608813
wv_select_panel WV1.PANEL1:1 1.57732e-09 -0.608813 btnup
wv_tree_context_menu {Custom WaveView} {} {hierview} 160 7 {D0:reference_channel_2020.tr0(0)} {+sep=@}
wv_select_menu_item {Custom WaveView} {} {FileViewPopMenu.Update WDF} 
wv_select_dialog {Confirmation} 
wv_press_button {Confirmation} {} {Ok} 
wv_select_waveview 1 {waveview 1}
wv_select_wv_item WV1.PANEL1:1.XAXIS1
wv_move_wv_item WV1.PANEL1:1.CURSOR1 420 367
wv_dclick_wv_item WV1.PANEL1:1.CURSORPBOX1
wv_select_dialog {CursorSnapXYValue} 
wv_move_window {CursorSnapXYValue} {} 488 235
wv_move_window {CursorSnapXYValue} {} 492 264
wv_set_text {CursorSnapXYValue} {} {CsrXYValue} "3.70154e-09"
wv_press_button {CursorSnapXYValue} {} {Ok} 
wv_select_waveview 1 {waveview 1}
wv_select_panel WV1.PANEL1:1 2.50843e-09 -0.579553
wv_move_wv_item WV1.PANEL1:1.CURSOR1 558 331
wv_select_waveview 1 {waveview 1}
wv_select_wv_item WV1.PANEL1:1.XAXIS1
wv_move_wv_item WV1.PANEL1:1.CURSOR1 562 369
wv_dclick_wv_item WV1.PANEL1:1.CURSORPBOX1
wv_select_dialog {CursorSnapXYValue} 
wv_move_window {CursorSnapXYValue} {} 488 235
wv_set_text {CursorSnapXYValue} {} {CsrXYValue} "3.70154e-09"
wv_press_button {CursorSnapXYValue} {} {Ok} 
wv_select_waveview 1 {waveview 1}
wv_select_panel WV1.PANEL1:1 1.39666e-09 -0.582128
wv_move_wv_item WV1.PANEL1:1.CURSOR1 398 332
wv_select_tree_item {Custom WaveView} {} {hierview} {D0:reference_channel_2020.tr0(0)} {0} {+sep=@}
wv_tree_context_menu {Custom WaveView} {} {hierview} 152 13 {D0:reference_channel_2020.tr0(0)} {+sep=@}
wv_select_menu_item {Custom WaveView} {} {FileViewPopMenu.Update WDF} 
wv_select_dialog {Confirmation} 
wv_press_button {Confirmation} {} {Ok} 
wv_select_waveview 1 {waveview 1}
wv_select_wv_item WV1.PANEL1:1.XAXIS1
wv_move_wv_item WV1.PANEL1:1.CURSOR1 402 368
wv_dclick_wv_item WV1.PANEL1:1.CURSORPBOX1
wv_select_dialog {CursorSnapXYValue} 
wv_move_window {CursorSnapXYValue} {} 488 235
wv_move_window {CursorSnapXYValue} {} 492 264
wv_set_text {CursorSnapXYValue} {} {CsrXYValue} "3.70154e-09"
wv_press_button {CursorSnapXYValue} {} {Ok} 
wv_select_waveview 1 {waveview 1}
wv_select_panel WV1.PANEL1:1 2.45284e-09 -0.533433
wv_select_panel WV1.PANEL1:1 2.45284e-09 -0.533433 btnup
wv_select_waveview 1 {waveview 1}
wv_select_wv_item WV1.PANEL1:1.XAXIS1
wv_move_wv_item WV1.PANEL1:1.CURSOR1 540 374
wv_dclick_wv_item WV1.PANEL1:1.CURSORPBOX1
wv_select_dialog {CursorSnapXYValue} 
wv_move_window {CursorSnapXYValue} {} 488 235
wv_move_window {CursorSnapXYValue} {} 492 264
wv_set_text {CursorSnapXYValue} {} {CsrXYValue} "3.98192e-09"
wv_press_button {CursorSnapXYValue} {} {Ok} 
wv_tree_context_menu {Custom WaveView} {} {hierview} 132 9 {D0:reference_channel_2020.tr0(0)} {+sep=@}
wv_select_menu_item {Custom WaveView} {} {FileViewPopMenu.Update WDF} 
wv_select_dialog {Confirmation} 
wv_move_window {Confirmation} {} 181 238
wv_move_window {Confirmation} {} 186 267
wv_press_button {Confirmation} {} {Ok} 
wv_select_waveview 1 {waveview 1}
wv_select_wv_item WV1.PANEL1:1.XAXIS1
wv_move_wv_item WV1.PANEL1:1.CURSOR1 773 375
wv_dclick_wv_item WV1.PANEL1:1.CURSORPBOX1
wv_select_dialog {CursorSnapXYValue} 
wv_move_window {CursorSnapXYValue} {} 488 235
wv_set_text {CursorSnapXYValue} {} {CsrXYValue} "3.70154e-09"
wv_press_button {CursorSnapXYValue} {} {Ok} 
wv_select_waveview 1 {waveview 1}
wv_select_panel WV1.PANEL1:1 1.62596e-09 -0.480839
wv_move_wv_item WV1.PANEL1:1.CURSOR1 431 306
wv_select_waveview 1 {waveview 1}
wv_select_panel WV1.PANEL1:1 3.93983e-09 -0.491006
wv_select_panel WV1.PANEL1:1 3.93983e-09 -0.491006 btnup
wv_select_waveview 1 {waveview 1}
wv_select_wv_item WV1.PANEL1:1.XAXIS1
wv_move_wv_item WV1.PANEL1:1.CURSOR1 760 365
wv_dclick_wv_item WV1.PANEL1:1.CURSORPBOX1
wv_select_dialog {CursorSnapXYValue} 
wv_move_window {CursorSnapXYValue} {} 488 235
wv_set_text {CursorSnapXYValue} {} {CsrXYValue} "3.98192e-09"
wv_press_button {CursorSnapXYValue} {} {Ok} 
wv_select_waveview 1 {waveview 1}
wv_select_panel WV1.PANEL1:1 2.8489e-09 -0.48338
wv_select_panel WV1.PANEL1:1 2.8489e-09 -0.48338 btnup
wv_tree_context_menu {Custom WaveView} {} {hierview} 131 6 {D0:reference_channel_2020.tr0(0)} {+sep=@}
wv_select_menu_item {Custom WaveView} {} {FileViewPopMenu.Update WDF} 
wv_select_dialog {Confirmation} 
wv_press_button {Confirmation} {} {Ok} 
wv_tree_context_menu {Custom WaveView} {} {hierview} 125 13 {D0:reference_channel_2020.tr0(0)} {+sep=@}
wv_select_menu_item {Custom WaveView} {} {FileViewPopMenu.Update WDF} 
wv_select_dialog {Confirmation} 
wv_move_window {Confirmation} {} 181 238
wv_press_button {Confirmation} {} {Ok} 
