### Custom WaveView ADV log file, revision V-2023.12-4 (build Feb 07, ) ###
### created at 19:19:15 on Thu May 22 2025 (Linux AMD64) ###
### Host Name: iron-01   User ID:    PID: 3368630   ###
wv_start_log
# (0) running in waveview only mode
# (0) HOME defined
wv_select_window {Custom WaveView} 
wv_move_window {Custom WaveView} {} 470 197
wv_move_window {Custom WaveView} {} -5 27
wv_press_tool_button {Custom WaveView} {} {OpenWaveform0} 
wv_select_dialog {FileDialog} 
wv_select_list_item {FileDialog} {} {FileList} {reference_channel_2020.tr0} 21
wv_press_button {FileDialog} {} {Ok} 
wv_select_tree_item {Custom WaveView} {} {hierview} {D0:reference_channel_2020.tr0(0)} {0} {+sep=@}
wv_expand_tree_item {Custom WaveView} {} {hierview} {D0:reference_channel_2020.tr0(0)} {+sep=@}
wv_select_tree_item {Custom WaveView} {} {hierview} {D0:reference_channel_2020.tr0(0)@toplevel(0)} {0} {+sep=@}
wv_expand_tree_item {Custom WaveView} {} {hierview} {D0:reference_channel_2020.tr0(0)@toplevel(0)} {+sep=@}
wv_move_scrollbar {Custom WaveView} {} {sigview.HScrolBar} {2}
wv_move_scrollbar {Custom WaveView} {} {sigview.HScrolBar} {4}
wv_move_scrollbar {Custom WaveView} {} {sigview.HScrolBar} {10}
wv_move_scrollbar {Custom WaveView} {} {sigview.HScrolBar} {21}
wv_move_scrollbar {Custom WaveView} {} {sigview.HScrolBar} {31}
wv_move_scrollbar {Custom WaveView} {} {sigview.HScrolBar} {39}
wv_move_scrollbar {Custom WaveView} {} {sigview.HScrolBar} {47}
wv_move_scrollbar {Custom WaveView} {} {sigview.HScrolBar} {60}
wv_move_scrollbar {Custom WaveView} {} {sigview.HScrolBar} {64}
wv_move_scrollbar {Custom WaveView} {} {sigview.HScrolBar} {68}
wv_move_scrollbar {Custom WaveView} {} {sigview.HScrolBar} {72}
wv_move_scrollbar {Custom WaveView} {} {sigview.HScrolBar} {76}
wv_move_scrollbar {Custom WaveView} {} {sigview.HScrolBar} {89}
wv_move_scrollbar {Custom WaveView} {} {sigview.HScrolBar} {97}
wv_move_scrollbar {Custom WaveView} {} {sigview.HScrolBar} {101}
wv_move_scrollbar {Custom WaveView} {} {sigview.HScrolBar} {109}
wv_move_scrollbar {Custom WaveView} {} {sigview.HScrolBar} {118}
wv_move_scrollbar {Custom WaveView} {} {sigview.HScrolBar} {130}
wv_move_scrollbar {Custom WaveView} {} {sigview.HScrolBar} {132}
wv_move_scrollbar {Custom WaveView} {} {sigview.HScrolBar} {136}
wv_move_scrollbar {Custom WaveView} {} {sigview.HScrolBar} {138}
wv_move_scrollbar {Custom WaveView} {} {sigview.HScrolBar} {140}
wv_move_scrollbar {Custom WaveView} {} {sigview.HScrolBar} {144}
wv_move_scrollbar {Custom WaveView} {} {sigview.HScrolBar} {147}
wv_move_scrollbar {Custom WaveView} {} {sigview.HScrolBar} {149}
wv_move_scrollbar {Custom WaveView} {} {sigview.HScrolBar} {151}
wv_move_scrollbar {Custom WaveView} {} {sigview.HScrolBar} {153}
wv_move_scrollbar {Custom WaveView} {} {sigview.HScrolBar} {155}
wv_move_scrollbar {Custom WaveView} {} {sigview.HScrolBar} {157}
wv_move_scrollbar {Custom WaveView} {} {sigview.HScrolBar} {163}
wv_move_scrollbar {Custom WaveView} {} {sigview.HScrolBar} {167}
wv_move_scrollbar {Custom WaveView} {} {sigview.HScrolBar} {171}
wv_move_scrollbar {Custom WaveView} {} {sigview.HScrolBar} {175}
wv_move_scrollbar {Custom WaveView} {} {sigview.HScrolBar} {184}
wv_move_scrollbar {Custom WaveView} {} {sigview.HScrolBar} {188}
wv_move_scrollbar {Custom WaveView} {} {sigview.HScrolBar} {192}
wv_move_scrollbar {Custom WaveView} {} {sigview.HScrolBar} {194}
wv_select_list_item {Custom WaveView} {} {sigview} {v(outp)} 19
wv_dclick_list_item {Custom WaveView} {} {sigview} {v(outp)} 19
wv_select_waveview 1 {waveview 1}
wv_select_panel WV1.PANEL1:1 2.954e-09 -0.167895
wv_select_panel WV1.PANEL1:1 2.954e-09 -0.167895 btnup
wv_select_waveview 1 {waveview 1}
wv_select_panel WV1.PANEL1:1 2.94121e-09 -0.171623
wv_select_panel WV1.PANEL1:1 2.94121e-09 -0.171623 btnup
wv_select_waveview 1 {waveview 1}
wv_select_panel WV1.PANEL1:1 2.91563e-09 -0.158203
wv_select_waveview 1 {waveview 1}
wv_select_panel WV1.PANEL1:1 3.01154e-09 -0.146274
wv_select_waveview 1 {waveview 1}
wv_select_toolbar_item {Custom WaveView} {waveview 1:1} {Vertical Cursor} 
wv_select_waveview 1 {waveview 1}
wv_select_panel WV1.PANEL1:1 2.94618e-09 -0.171623
wv_select_panel WV1.PANEL1:1 2.94618e-09 -0.171623 btnup
wv_select_waveview 1 {waveview 1}
wv_select_wv_item WV1.PANEL1:1.CURSOR1
wv_move_wv_item WV1.PANEL1:1.CURSOR1 618 315
wv_select_waveview 1 {waveview 1}
wv_select_wv_item WV1.PANEL1:1.CURSOR1
wv_move_wv_item WV1.PANEL1:1.CURSOR1 614 333
wv_select_waveview 1 {waveview 1}
wv_select_wv_item WV1.PANEL1:1.CURSOR1
wv_move_wv_item WV1.PANEL1:1.CURSOR1 618 319
wv_select_waveview 1 {waveview 1}
wv_select_panel WV1.PANEL1:1 2.67519e-09 -0.171623
wv_drag_item_to WV1 584 294
wv_zoom WV1.PANEL1:1 2.67519e-09 -0.171623 3.106e-09 -0.218594
wv_select_window {Custom WaveView} 
wv_select_list_item {Custom WaveView} {} {sigview} {v(outn)} 18
wv_dclick_list_item {Custom WaveView} {} {sigview} {v(outn)} 18
wv_select_dialog {Confirmation} 
wv_press_button {Confirmation} {} {Ok} 
wv_press_tool_button {Custom WaveView} {} {OpenWaveformFile0} 
wv_select_dialog {FileDialog} 
wv_press_button {FileDialog} {} {Ok} 
wv_select_tree_item {Custom WaveView} {} {hierview} {D0:reference_channel_2020.tr0(0)} {0} {+sep=@}
wv_tree_context_menu {Custom WaveView} {} {hierview} 78 13 {D0:reference_channel_2020.tr0(0)} {+sep=@}
wv_select_menu_item {Custom WaveView} {} {FileViewPopMenu.Close This File} 
wv_select_dialog {Confirmation} 
wv_press_button {Confirmation} {} {Ok} 
wv_select_tree_item {Custom WaveView} {} {hierview} {D0:reference_channel_2020.tr0(0)} {0} {+sep=@}
wv_expand_tree_item {Custom WaveView} {} {hierview} {D0:reference_channel_2020.tr0(0)} {+sep=@}
wv_select_tree_item {Custom WaveView} {} {hierview} {D0:reference_channel_2020.tr0(0)@toplevel(0)} {0} {+sep=@}
wv_expand_tree_item {Custom WaveView} {} {hierview} {D0:reference_channel_2020.tr0(0)@toplevel(0)} {+sep=@}
wv_move_scrollbar {Custom WaveView} {} {sigview.HScrolBar} {70}
wv_move_scrollbar {Custom WaveView} {} {sigview.HScrolBar} {140}
wv_move_scrollbar {Custom WaveView} {} {sigview.HScrolBar} {194}
wv_select_list_item {Custom WaveView} {} {sigview} {v(outp)} 19
wv_dclick_list_item {Custom WaveView} {} {sigview} {v(outp)} 19
wv_select_waveview 1 {waveview 1}
wv_select_panel WV1.PANEL1:1 2.91563e-09 -0.170176
wv_select_panel WV1.PANEL1:1 2.91563e-09 -0.170176 btnup
wv_select_waveview 1 {waveview 1}
wv_select_panel WV1.PANEL1:1 2.92842e-09 -0.164558
wv_select_panel WV1.PANEL1:1 2.92842e-09 -0.164558 btnup
wv_select_waveview 1 {waveview 1}
wv_select_panel WV1.PANEL1:1 2.92842e-09 -0.164558
wv_select_panel WV1.PANEL1:1 2.92842e-09 -0.164558 btnup
wv_select_waveview 1 {waveview 1}
wv_select_toolbar_item {Custom WaveView} {waveview 1:1} {Vertical Cursor} 
wv_select_waveview 1 {waveview 1}
wv_select_panel WV1.PANEL1:1 2.91839e-09 -0.16526
wv_select_panel WV1.PANEL1:1 2.91839e-09 -0.16526 btnup
wv_select_window {Custom WaveView} 
wv_select_tree_item {Custom WaveView} {} {hierview} {D0:reference_channel_2020.tr0(0)} {0} {+sep=@}
wv_move_scrollbar {Custom WaveView} {} {sigview.HScrolBar} {0}
wv_tree_context_menu {Custom WaveView} {} {hierview} 59 6 {D0:reference_channel_2020.tr0(0)} {+sep=@}
wv_select_menu_item {Custom WaveView} {} {FileViewPopMenu.Update WDF} 
wv_select_dialog {Confirmation} 
wv_move_window {Confirmation} {} 221 235
wv_press_button {Confirmation} {} {Ok} 
wv_tree_context_menu {Custom WaveView} {} {hierview} 150 10 {D0:reference_channel_2020.tr0(0)} {+sep=@}
wv_select_menu_item {Custom WaveView} {} {FileViewPopMenu.Update WDF} 
wv_select_dialog {Confirmation} 
wv_move_window {Confirmation} {} 221 235
wv_move_window {Confirmation} {} 225 264
wv_press_button {Confirmation} {} {Ok} 
wv_tree_context_menu {Custom WaveView} {} {hierview} 168 12 {D0:reference_channel_2020.tr0(0)} {+sep=@}
wv_select_menu_item {Custom WaveView} {} {FileViewPopMenu.Update WDF} 
wv_select_dialog {Confirmation} 
wv_move_window {Confirmation} {} 221 235
wv_press_button {Confirmation} {} {Ok} 
wv_tree_context_menu {Custom WaveView} {} {hierview} 94 10 {D0:reference_channel_2020.tr0(0)} {+sep=@}
wv_select_menu_item {Custom WaveView} {} {FileViewPopMenu.Update WDF} 
wv_select_dialog {Confirmation} 
wv_press_button {Confirmation} {} {Ok} 
wv_select_waveview 1 {waveview 1}
wv_select_panel WV1.PANEL1:1 2.75162e-09 -0.173288
wv_drag_item_to WV1 594 310
wv_zoom WV1.PANEL1:1 2.75162e-09 -0.173288 3.05736e-09 -0.205116
wv_select_waveview 1 {waveview 1}
wv_select_wv_item WV1.PANEL1:1.CURSOR1
wv_move_wv_item WV1.PANEL1:1.CURSOR1 629 273
wv_select_waveview 1 {waveview 1}
wv_select_wv_item WV1.PANEL1:1.CURSOR1
wv_move_wv_item WV1.PANEL1:1.CURSOR1 620 302
wv_select_waveview 1 {waveview 1}
wv_select_panel WV1.PANEL1:1 2.90292e-09 -0.19761
wv_select_panel WV1.PANEL1:1 2.90292e-09 -0.19761 btnup
wv_select_waveview 1 {waveview 1}
wv_select_panel WV1.PANEL1:1 2.93807e-09 -0.189991
wv_drag_item_to WV1 691 247
wv_zoom WV1.PANEL1:1 2.93807e-09 -0.189991 2.94978e-09 -0.183625
wv_select_waveview 1 {waveview 1}
wv_select_toolbar_item {Custom WaveView} {waveview 1:1} {Full Unzoom} 
wv_select_waveview 1 {waveview 1}
wv_select_panel WV1.PANEL1:1 2.18879e-09 -0.192095
wv_select_panel WV1.PANEL1:1 2.18879e-09 -0.192095 btnup
wv_select_waveview 1 {waveview 1}
wv_select_panel WV1.PANEL1:1 2.73078e-09 -0.187755
wv_drag_item_to WV1 594 329
wv_zoom WV1.PANEL1:1 2.73078e-09 -0.187755 3.04346e-09 -0.206562
wv_select_waveview 1 {waveview 1}
wv_select_panel WV1.PANEL1:1 2.90566e-09 -0.197395
wv_select_panel WV1.PANEL1:1 2.90566e-09 -0.197395 btnup
wv_select_waveview 1 {waveview 1}
wv_select_panel WV1.PANEL1:1 2.9161e-09 -0.19352
wv_select_panel WV1.PANEL1:1 2.9161e-09 -0.19352 btnup
wv_select_waveview 1 {waveview 1}
wv_select_panel WV1.PANEL1:1 2.9188e-09 -0.1901
wv_select_panel WV1.PANEL1:1 2.9188e-09 -0.1901 btnup
wv_select_waveview 1 {waveview 1}
wv_select_wv_item WV1.PANEL1:1.CURSOR1
wv_move_wv_item WV1.PANEL1:1.CURSOR1 686 129
wv_select_window {Custom WaveView} 
wv_select_waveview 1 {waveview 1}
wv_select_toolbar_item {Custom WaveView} {waveview 1:1} {Full Unzoom} 
wv_select_window {Custom WaveView} 
wv_select_waveview 1 {waveview 1}
wv_select_panel WV1.PANEL1:1 3.21023e-09 -0.170394
wv_select_panel WV1.PANEL1:1 3.21023e-09 -0.170394 btnup
wv_select_waveview 1 {waveview 1}
wv_select_panel WV1.PANEL1:1 3.1199e-09 -0.148693
wv_select_panel WV1.PANEL1:1 3.1199e-09 -0.148693 btnup
wv_select_waveview 1 {waveview 1}
wv_select_wv_item WV1.PANEL1:1.CURSOR1
wv_move_wv_item WV1.PANEL1:1.CURSOR1 643 234
wv_select_waveview 1 {waveview 1}
wv_select_wv_item WV1.PANEL1:1.CURSOR1
wv_drag_item_to WV1 634 195
wv_move_wv_item WV1.PANEL1:1.CURSOR1 644 231
wv_tree_context_menu {Custom WaveView} {} {hierview} 138 6 {D0:reference_channel_2020.tr0(0)} {+sep=@}
wv_select_menu_item {Custom WaveView} {} {FileViewPopMenu.Update WDF} 
wv_select_dialog {Confirmation} 
wv_move_window {Confirmation} {} 221 235
wv_press_button {Confirmation} {} {Ok} 
wv_select_waveview 1 {waveview 1}
wv_select_panel WV1.PANEL1:1 3.02262e-09 -0.107954
wv_drag_item_to WV1 633 193
wv_zoom WV1.PANEL1:1 3.02262e-09 -0.107954 3.24497e-09 -0.206277
wv_tree_context_menu {Custom WaveView} {} {hierview} 100 11 {D0:reference_channel_2020.tr0(0)} {+sep=@}
wv_select_menu_item {Custom WaveView} {} {FileViewPopMenu.Update WDF} 
wv_select_dialog {Confirmation} 
wv_move_window {Confirmation} {} 221 235
wv_press_button {Confirmation} {} {Ok} 
wv_select_waveview 1 {waveview 1}
wv_select_toolbar_item {Custom WaveView} {waveview 1:1} {Full Unzoom} 
wv_press_key Right 906 402
wv_select_waveview 1 {waveview 1}
wv_select_wv_item WV1.PANEL1:1.CURSOR1
wv_drag_item_to WV1 636 209
wv_move_wv_item WV1.PANEL1:1.CURSOR1 644 271
wv_select_waveview 1 {waveview 1}
wv_select_wv_item WV1.PANEL1:1.CURSOR1
wv_drag_item_to WV1 637 198
wv_move_wv_item WV1.PANEL1:1.CURSOR1 643 245
wv_select_waveview 1 {waveview 1}
wv_select_panel WV1.PANEL1:1 3.67578e-09 -0.199762
wv_move_wv_item WV1.PANEL1:1.CURSOR1 726 323
wv_select_waveview 1 {waveview 1}
wv_select_panel WV1.PANEL1:1 3.02957e-09 -0.10825
wv_drag_item_to WV1 634 203
wv_zoom WV1.PANEL1:1 3.02957e-09 -0.10825 3.23107e-09 -0.191443
wv_select_waveview 1 {waveview 1}
wv_select_panel WV1.PANEL1:1 3.10124e-09 -0.110785
wv_select_panel WV1.PANEL1:1 3.10124e-09 -0.110785 btnup
wv_select_waveview 1 {waveview 1}
wv_select_panel WV1.PANEL1:1 3.10348e-09 -0.11734
wv_select_panel WV1.PANEL1:1 3.10348e-09 -0.11734 btnup
wv_select_waveview 1 {waveview 1}
wv_select_panel WV1.PANEL1:1 3.10672e-09 -0.122886
wv_select_panel WV1.PANEL1:1 3.10672e-09 -0.122886 btnup
wv_select_waveview 1 {waveview 1}
wv_select_panel WV1.PANEL1:1 3.11444e-09 -0.134482
wv_select_panel WV1.PANEL1:1 3.11444e-09 -0.134482 btnup
wv_select_tree_item {Custom WaveView} {} {hierview} {D0:reference_channel_2020.tr0(0)} {0} {+sep=@}
wv_select_window {Custom WaveView} 
wv_tree_context_menu {Custom WaveView} {} {hierview} 120 15 {D0:reference_channel_2020.tr0(0)} {+sep=@}
wv_select_menu_item {Custom WaveView} {} {FileViewPopMenu.Update WDF} 
wv_select_dialog {Confirmation} 
wv_move_window {Confirmation} {} 221 235
wv_press_button {Confirmation} {} {Ok} 
wv_collapse_tree_item {Custom WaveView} {} {hierview} {D0:reference_channel_2020.tr0(0)} {+sep=@}
wv_press_key Left 784 237
wv_select_waveview 1 {waveview 1}
wv_select_toolbar_item {Custom WaveView} {waveview 1:1} {Full Unzoom} 
wv_select_waveview 1 {waveview 1}
wv_select_wv_item WV1.PANEL1:1.CURSORX1
wv_move_wv_item WV1.PANEL1:1.CURSOR1 644 267
wv_select_waveview 1 {waveview 1}
wv_select_wv_item WV1.PANEL1:1.CURSOR1
wv_drag_item_to WV1 638 247
wv_move_wv_item WV1.PANEL1:1.CURSOR1 658 313
wv_select_waveview 1 {waveview 1}
wv_select_panel WV1.PANEL1:1 3.28666e-09 -0.158344
wv_select_panel WV1.PANEL1:1 3.28666e-09 -0.158344 btnup
wv_select_waveview 1 {waveview 1}
wv_select_panel WV1.PANEL1:1 3.02262e-09 -0.0981421
wv_drag_item_to WV1 632 232
wv_zoom WV1.PANEL1:1 3.02262e-09 -0.0981421 3.28666e-09 -0.169974
wv_select_waveview 1 {waveview 1}
wv_select_panel WV1.PANEL1:1 3.10694e-09 -0.112341
wv_select_panel WV1.PANEL1:1 3.10694e-09 -0.112341 btnup
wv_select_waveview 1 {waveview 1}
wv_select_panel WV1.PANEL1:1 3.1102e-09 -0.1143
wv_select_panel WV1.PANEL1:1 3.1102e-09 -0.1143 btnup
wv_select_window {Custom WaveView} 
wv_select_tree_item {Custom WaveView} {} {hierview} {D0:reference_channel_2020.tr0(0)} {0} {+sep=@}
wv_select_tree_item {Custom WaveView} {} {hierview} {D0:reference_channel_2020.tr0(0)} {0} {+sep=@}
wv_expand_tree_item {Custom WaveView} {} {hierview} {D0:reference_channel_2020.tr0(0)} {+sep=@}
wv_tree_context_menu {Custom WaveView} {} {hierview} 178 10 {D0:reference_channel_2020.tr0(0)} {+sep=@}
wv_select_menu_item {Custom WaveView} {} {FileViewPopMenu.Update WDF} 
wv_select_dialog {Confirmation} 
wv_move_window {Confirmation} {} 221 235
wv_press_button {Confirmation} {} {Ok} 
wv_select_waveview 1 {waveview 1}
wv_select_toolbar_item {Custom WaveView} {waveview 1:1} {Full Unzoom} 
wv_select_window {Custom WaveView} 
wv_tree_context_menu {Custom WaveView} {} {hierview} 122 9 {D0:reference_channel_2020.tr0(0)} {+sep=@}
wv_select_menu_item {Custom WaveView} {} {FileViewPopMenu.Update WDF} 
wv_select_dialog {Confirmation} 
wv_move_window {Confirmation} {} 221 235
wv_press_button {Confirmation} {} {Ok} 
wv_tree_context_menu {Custom WaveView} {} {hierview} 124 9 {D0:reference_channel_2020.tr0(0)} {+sep=@}
wv_select_menu_item {Custom WaveView} {} {FileViewPopMenu.Update WDF} 
wv_select_dialog {Confirmation} 
wv_move_window {Confirmation} {} 221 235
wv_move_window {Confirmation} {} 225 264
wv_press_button {Confirmation} {} {Ok} 
wv_tree_context_menu {Custom WaveView} {} {hierview} 104 9 {D0:reference_channel_2020.tr0(0)} {+sep=@}
wv_select_menu_item {Custom WaveView} {} {FileViewPopMenu.Update WDF} 
wv_select_dialog {Confirmation} 
wv_move_window {Confirmation} {} 221 235
wv_press_button {Confirmation} {} {Ok} 
wv_tree_context_menu {Custom WaveView} {} {hierview} 144 2 {D0:reference_channel_2020.tr0(0)} {+sep=@}
wv_select_menu_item {Custom WaveView} {} {FileViewPopMenu.Update WDF} 
wv_select_dialog {Confirmation} 
wv_press_button {Confirmation} {} {Ok} 
wv_tree_context_menu {Custom WaveView} {} {hierview} 149 14 {D0:reference_channel_2020.tr0(0)} {+sep=@}
wv_select_menu_item {Custom WaveView} {} {FileViewPopMenu.Update WDF} 
wv_select_window {Custom WaveView} 
wv_tree_context_menu {Custom WaveView} {} {hierview} 131 13 {D0:reference_channel_2020.tr0(0)} {+sep=@}
wv_select_menu_item {Custom WaveView} {} {FileViewPopMenu.Update WDF} 
wv_select_dialog {Confirmation} 
wv_move_window {Confirmation} {} 221 235
wv_press_button {Confirmation} {} {Ok} 
wv_tree_context_menu {Custom WaveView} {} {hierview} 172 8 {D0:reference_channel_2020.tr0(0)} {+sep=@}
wv_select_menu_item {Custom WaveView} {} {FileViewPopMenu.Update WDF} 
wv_select_dialog {Confirmation} 
wv_move_window {Confirmation} {} 221 235
wv_move_window {Confirmation} {} 225 264
wv_press_button {Confirmation} {} {Ok} 
wv_select_waveview 1 {waveview 1}
wv_select_wv_item WV1.PANEL1:1.CURSOR1
wv_move_wv_item WV1.PANEL1:1.CURSOR1 647 318
wv_select_waveview 1 {waveview 1}
wv_select_wv_item WV1.PANEL1:1.CURSOR1
wv_move_wv_item WV1.PANEL1:1.CURSOR1 645 298
wv_select_waveview 1 {waveview 1}
wv_select_panel WV1.PANEL1:1 3.00872e-09 -0.0911467
wv_drag_item_to WV1 631 283
wv_zoom WV1.PANEL1:1 3.00872e-09 -0.0911467 3.30056e-09 -0.137213
wv_select_waveview 1 {waveview 1}
wv_select_toolbar_item {Custom WaveView} {waveview 1:1} {Full Unzoom} 
wv_select_window {Custom WaveView} 
wv_tree_context_menu {Custom WaveView} {} {hierview} 138 5 {D0:reference_channel_2020.tr0(0)} {+sep=@}
wv_select_menu_item {Custom WaveView} {} {FileViewPopMenu.Update WDF} 
wv_select_dialog {Confirmation} 
wv_move_window {Confirmation} {} 221 235
wv_press_button {Confirmation} {} {Ok} 
wv_select_waveview 1 {waveview 1}
wv_select_wv_item WV1.PANEL1:1.CURSOR1
wv_drag_item_to WV1 638 208
wv_move_wv_item WV1.PANEL1:1.CURSOR1 630 211
wv_select_waveview 1 {waveview 1}
wv_select_panel WV1.PANEL1:1 3.06431e-09 -0.133271
wv_drag_item_to WV1 640 210
wv_zoom WV1.PANEL1:1 3.06431e-09 -0.133271 3.18938e-09 -0.16429
wv_select_waveview 1 {waveview 1}
wv_select_panel WV1.PANEL1:1 3.1017e-09 -0.13243
wv_select_panel WV1.PANEL1:1 3.1017e-09 -0.13243 btnup
wv_select_waveview 1 {waveview 1}
wv_select_panel WV1.PANEL1:1 3.1068e-09 -0.140231
wv_select_panel WV1.PANEL1:1 3.1068e-09 -0.140231 btnup
wv_select_waveview 1 {waveview 1}
wv_select_panel WV1.PANEL1:1 3.11175e-09 -0.149067
wv_select_panel WV1.PANEL1:1 3.11175e-09 -0.149067 btnup
wv_select_waveview 1 {waveview 1}
wv_select_wv_item WV1.PANEL1:1.CURSOR1
wv_move_wv_item WV1.PANEL1:1.CURSOR1 510 238
wv_select_waveview 1 {waveview 1}
wv_select_wv_item WV1.PANEL1:1.CURSOR1
wv_move_wv_item WV1.PANEL1:1.CURSOR1 513 247
wv_select_waveview 1 {waveview 1}
wv_select_toolbar_item {Custom WaveView} {waveview 1:1} {Full Unzoom} 
wv_select_window {Custom WaveView} 
wv_tree_context_menu {Custom WaveView} {} {hierview} 124 12 {D0:reference_channel_2020.tr0(0)} {+sep=@}
wv_select_menu_item {Custom WaveView} {} {FileViewPopMenu.Update WDF} 
wv_select_dialog {Confirmation} 
wv_press_button {Confirmation} {} {Ok} 
wv_tree_context_menu {Custom WaveView} {} {hierview} 127 10 {D0:reference_channel_2020.tr0(0)} {+sep=@}
wv_select_menu_item {Custom WaveView} {} {FileViewPopMenu.Update WDF} 
wv_select_dialog {Confirmation} 
wv_move_window {Confirmation} {} 221 235
wv_press_button {Confirmation} {} {Ok} 
wv_tree_context_menu {Custom WaveView} {} {hierview} 158 6 {D0:reference_channel_2020.tr0(0)} {+sep=@}
wv_select_menu_item {Custom WaveView} {} {FileViewPopMenu.Update WDF} 
wv_select_dialog {Confirmation} 
wv_move_window {Confirmation} {} 221 235
wv_press_button {Confirmation} {} {Ok} 
wv_tree_context_menu {Custom WaveView} {} {hierview} 169 4 {D0:reference_channel_2020.tr0(0)} {+sep=@}
wv_select_menu_item {Custom WaveView} {} {FileViewPopMenu.Update WDF} 
wv_select_dialog {Confirmation} 
wv_press_button {Confirmation} {} {Ok} 
wv_tree_context_menu {Custom WaveView} {} {hierview} 130 10 {D0:reference_channel_2020.tr0(0)} {+sep=@}
wv_select_menu_item {Custom WaveView} {} {FileViewPopMenu.Update WDF} 
wv_select_dialog {Confirmation} 
wv_move_window {Confirmation} {} 221 235
wv_press_button {Confirmation} {} {Ok} 
wv_tree_context_menu {Custom WaveView} {} {hierview} 131 8 {D0:reference_channel_2020.tr0(0)} {+sep=@}
wv_select_menu_item {Custom WaveView} {} {FileViewPopMenu.Update WDF} 
wv_select_dialog {Confirmation} 
wv_move_window {Confirmation} {} 221 235
wv_press_button {Confirmation} {} {Ok} 
wv_tree_context_menu {Custom WaveView} {} {hierview} 132 10 {D0:reference_channel_2020.tr0(0)} {+sep=@}
wv_select_menu_item {Custom WaveView} {} {FileViewPopMenu.Update WDF} 
wv_select_dialog {Confirmation} 
wv_press_button {Confirmation} {} {Ok} 
wv_tree_context_menu {Custom WaveView} {} {hierview} 175 12 {D0:reference_channel_2020.tr0(0)} {+sep=@}
wv_select_menu_item {Custom WaveView} {} {FileViewPopMenu.Update WDF} 
wv_select_dialog {Confirmation} 
wv_move_window {Confirmation} {} 221 235
wv_press_button {Confirmation} {} {Ok} 
wv_tree_context_menu {Custom WaveView} {} {hierview} 118 9 {D0:reference_channel_2020.tr0(0)} {+sep=@}
wv_select_menu_item {Custom WaveView} {} {FileViewPopMenu.Update WDF} 
wv_select_dialog {Confirmation} 
wv_move_window {Confirmation} {} 221 235
wv_press_button {Confirmation} {} {Ok} 
wv_select_waveview 1 {waveview 1}
wv_select_panel WV1.PANEL1:1 2.8906e-09 -0.231458
wv_select_panel WV1.PANEL1:1 2.8906e-09 -0.231458 btnup
wv_select_waveview 1 {waveview 1}
wv_select_panel WV1.PANEL1:1 2.93924e-09 -0.210376
wv_select_panel WV1.PANEL1:1 2.93924e-09 -0.210376 btnup
wv_select_waveview 1 {waveview 1}
wv_select_wv_item WV1.PANEL1:1.CURSOR1
wv_move_wv_item WV1.PANEL1:1.CURSOR1 618 299
wv_select_waveview 1 {waveview 1}
wv_select_wv_item WV1.PANEL1:1.CURSOR1
wv_move_wv_item WV1.PANEL1:1.CURSOR1 615 312
wv_select_waveview 1 {waveview 1}
wv_select_panel WV1.PANEL1:1 2.81416e-09 -0.193978
wv_drag_item_to WV1 602 298
wv_zoom WV1.PANEL1:1 2.81416e-09 -0.193978 3.00872e-09 -0.240828
wv_select_waveview 1 {waveview 1}
wv_select_panel WV1.PANEL1:1 2.91659e-09 -0.210361
wv_select_panel WV1.PANEL1:1 2.91659e-09 -0.210361 btnup
wv_select_waveview 1 {waveview 1}
wv_select_panel WV1.PANEL1:1 2.9125e-09 -0.215756
wv_select_panel WV1.PANEL1:1 2.9125e-09 -0.215756 btnup
wv_select_waveview 1 {waveview 1}
wv_select_wv_item WV1.PANEL1:1.CURSOR1
wv_move_wv_item WV1.PANEL1:1.CURSOR1 598 254
wv_tree_context_menu {Custom WaveView} {} {hierview} 121 6 {D0:reference_channel_2020.tr0(0)} {+sep=@}
wv_select_menu_item {Custom WaveView} {} {FileViewPopMenu.Update WDF} 
wv_select_dialog {Confirmation} 
wv_move_window {Confirmation} {} 221 235
wv_press_button {Confirmation} {} {Ok} 
wv_select_waveview 1 {waveview 1}
wv_select_toolbar_item {Custom WaveView} {waveview 1:1} {Full Unzoom} 
wv_select_waveview 1 {waveview 1}
wv_select_panel WV1.PANEL1:1 2.38335e-09 -0.199456
wv_move_wv_item WV1.PANEL1:1.CURSOR1 540 328
wv_select_waveview 1 {waveview 1}
wv_select_panel WV1.PANEL1:1 1.89695e-09 -0.191687
wv_select_panel WV1.PANEL1:1 1.89695e-09 -0.191687 btnup
wv_select_waveview 1 {waveview 1}
wv_select_panel WV1.PANEL1:1 2.25828e-09 -0.192797
wv_select_panel WV1.PANEL1:1 2.25828e-09 -0.192797 btnup
wv_select_waveview 1 {waveview 1}
wv_select_panel WV1.PANEL1:1 2.46673e-09 -0.192797
wv_select_panel WV1.PANEL1:1 2.46673e-09 -0.192797 btnup
wv_select_waveview 1 {waveview 1}
wv_select_panel WV1.PANEL1:1 2.89754e-09 -0.18059
wv_move_wv_item WV1.PANEL1:1.CURSOR1 614 311
wv_select_waveview 1 {waveview 1}
wv_select_panel WV1.PANEL1:1 1.16041e-09 -0.192797
wv_select_panel WV1.PANEL1:1 1.16041e-09 -0.192797 btnup
wv_select_waveview 1 {waveview 1}
wv_select_panel WV1.PANEL1:1 2.92534e-09 -0.185029
wv_select_panel WV1.PANEL1:1 2.92534e-09 -0.185029 btnup
wv_select_waveview 1 {waveview 1}
wv_select_wv_item WV1.PANEL1:1.CURSOR1
wv_move_wv_item WV1.PANEL1:1.CURSOR1 616 323
wv_select_window {Custom WaveView} 
wv_tree_context_menu {Custom WaveView} {} {hierview} 140 6 {D0:reference_channel_2020.tr0(0)} {+sep=@}
wv_select_menu_item {Custom WaveView} {} {FileViewPopMenu.Update WDF} 
wv_select_dialog {Confirmation} 
wv_move_window {Confirmation} {} 221 235
wv_press_button {Confirmation} {} {Ok} 
wv_select_waveview 1 {waveview 1}
wv_select_panel WV1.PANEL1:1 2.01508e-09 -0.213519
wv_select_panel WV1.PANEL1:1 2.01508e-09 -0.213519 btnup
wv_select_waveview 1 {waveview 1}
wv_select_panel WV1.PANEL1:1 2.91144e-09 -0.206837
wv_select_panel WV1.PANEL1:1 2.91144e-09 -0.206837 btnup
wv_tree_context_menu {Custom WaveView} {} {hierview} 159 16 {D0:reference_channel_2020.tr0(0)} {+sep=@}
wv_select_menu_item {Custom WaveView} {} {FileViewPopMenu.Update WDF} 
wv_select_dialog {Confirmation} 
wv_move_window {Confirmation} {} 221 235
wv_press_button {Confirmation} {} {Ok} 
wv_tree_context_menu {Custom WaveView} {} {hierview} 146 14 {D0:reference_channel_2020.tr0(0)} {+sep=@}
wv_select_menu_item {Custom WaveView} {} {FileViewPopMenu.Update WDF} 
wv_select_dialog {Confirmation} 
wv_move_window {Confirmation} {} 221 235
wv_move_window {Confirmation} {} 225 264
wv_press_button {Confirmation} {} {Ok} 
wv_select_waveview 1 {waveview 1}
wv_select_panel WV1.PANEL1:1 3.00872e-09 0.135039
wv_set_confirm_flag 0
wv_select_panel WV1.PANEL1:1 3.00872e-09 0.135039 btnup
wv_press_button {Custom WaveView} {} {NewPanelList0.VCornerBtn} 
wv_press_tool_button {Custom WaveView} {} {NewHistoPanel-1} 
wv_select_window {Custom WaveView} 
wv_select_tree_item {Custom WaveView} {} {hierview} {D0:reference_channel_2020.tr0(0)@toplevel(0)} {0} {+sep=@}
wv_expand_tree_item {Custom WaveView} {} {hierview} {D0:reference_channel_2020.tr0(0)@toplevel(0)} {+sep=@}
wv_move_scrollbar {Custom WaveView} {} {sigview.HScrolBar} {70}
wv_move_scrollbar {Custom WaveView} {} {sigview.HScrolBar} {140}
wv_move_scrollbar {Custom WaveView} {} {sigview.HScrolBar} {194}
wv_select_list_item {Custom WaveView} {} {sigview} {v(rx_diff)} 25
wv_dclick_list_item {Custom WaveView} {} {sigview} {v(rx_diff)} 25
wv_select_waveview 1 {waveview 1}
wv_waveview_context_menu WV1.PANEL1:1.LEGEND
wv_set_confirm_flag 1
wv_select_waveview 1 {waveview 1}
wv_select_menu_item {Custom WaveView} {waveview 1:1} {PanelPopMenu.Delete} 
wv_select_dialog {Confirmation} 
wv_press_button {Confirmation} {} {Ok} 
wv_press_tool_button {Custom WaveView} {} {NewEyeDiagPanel0} 
wv_select_window {Custom WaveView} 
wv_select_list_item {Custom WaveView} {} {sigview} {v(rx_diff)} 25
wv_select_list_item {Custom WaveView} {} {sigview} {v(rx_diff)} 25
wv_dclick_list_item {Custom WaveView} {} {sigview} {v(rx_diff)} 25
wv_select_window {Custom WaveView} 
wv_tree_context_menu {Custom WaveView} {} {hierview} 114 12 {D0:reference_channel_2020.tr0(0)} {+sep=@}
wv_move_scrollbar {Custom WaveView} {} {sigview.HScrolBar} {1}
wv_select_menu_item {Custom WaveView} {} {FileViewPopMenu.Update WDF} 
wv_select_dialog {Confirmation} 
wv_press_button {Confirmation} {} {Ok} 
wv_select_waveview 2 {waveview 2}
wv_select_wv_item WV2.PANEL1:1.DELAY 344 381
wv_drag_item_to WV2 342 381
wv_drag_item_to WV2 610 370
wv_horz_scroll WV2.PANEL1:1.DELAY 398
wv_press_button {Custom WaveView} {} {WaveformMoreWVTools0.VCornerBtn} 
wv_press_tool_button {Custom WaveView} {} {DrawingTool-1} 
wv_select_dialog {DrawToolParameters} 
wv_select_tree_item {DrawToolParameters} {} {DrawingItem} {Line} {0} {+sep=.}
wv_press_button {DrawToolParameters} {} {Cancel} 
wv_press_button {Custom WaveView} {} {WaveformMoreWVTools0.VCornerBtn} 
wv_press_tool_button {Custom WaveView} {} {A2D-1} 
wv_select_dialog {A2DConversionParameters} 
wv_close_dialog {A2DConversionParameters} 
wv_select_window {Custom WaveView} 
wv_press_button {Custom WaveView} {} {WaveformMoreWVTools0.VCornerBtn} 
wv_close_context_menu
wv_select_window {Custom WaveView} 
wv_press_tool_button {Custom WaveView} {} {OpenWaveformFile0} 
wv_select_dialog {FileDialog} 
wv_select_list_item {FileDialog} {} {FileList} {..} 1
wv_press_button {FileDialog} {} {Ok} 
wv_select_list_item {FileDialog} {} {FileList} {medium loss} 4
wv_dclick_list_item {FileDialog} {} {FileList} {medium loss} 4
wv_close_dialog {FileDialog} 
wv_select_window {Custom WaveView} 
wv_press_tool_button {Custom WaveView} {} {OpenWaveformFile0} 
wv_select_dialog {FileDialog} 
wv_move_scrollbar {FileDialog} {} {FileList.HScrollBar} {588}
wv_select_list_item {FileDialog} {} {FileList} {eye_reference_channel_2020.st0} 11
wv_select_list_item {FileDialog} {} {FileList} {eye_reference_channel_2020.tr0} 12
wv_close_dialog {FileDialog} 
wv_select_window {Custom WaveView} 
wv_close_window {Custom WaveView} 
wv_select_dialog {Confirmation} 
wv_move_window {Confirmation} {} 539 242
#wv_press_button {Confirmation} {} {Ok} 
